{"D:\\node-express\\BoofServer\\assets\\Strings.js": {"path":"D:\\node-express\\BoofServer\\assets\\Strings.js","statementMap":{"0":{"start":{"line":1,"column":16},"end":{"line":18,"column":1}},"1":{"start":{"line":19,"column":0},"end":{"line":19,"column":24}}},"fnMap":{},"branchMap":{},"s":{"0":1,"1":1},"f":{},"b":{},"_coverageSchema":"1a1c01bbd47fc00a2c39e90264f33305004495a9","hash":"3304282246b16bf7d7b45f6401484a8752fedc47"}
,"D:\\node-express\\BoofServer\\helper\\Functions.js": {"path":"D:\\node-express\\BoofServer\\helper\\Functions.js","statementMap":{"0":{"start":{"line":1,"column":14},"end":{"line":1,"column":41}},"1":{"start":{"line":2,"column":30},"end":{"line":2,"column":52}},"2":{"start":{"line":5,"column":26},"end":{"line":5,"column":65}},"3":{"start":{"line":5,"column":48},"end":{"line":5,"column":64}},"4":{"start":{"line":6,"column":18},"end":{"line":6,"column":73}},"5":{"start":{"line":6,"column":51},"end":{"line":6,"column":72}},"6":{"start":{"line":7,"column":4},"end":{"line":8,"column":87}},"7":{"start":{"line":12,"column":26},"end":{"line":12,"column":62}},"8":{"start":{"line":12,"column":48},"end":{"line":12,"column":61}},"9":{"start":{"line":13,"column":18},"end":{"line":13,"column":67}},"10":{"start":{"line":13,"column":51},"end":{"line":13,"column":66}},"11":{"start":{"line":14,"column":4},"end":{"line":15,"column":87}},"12":{"start":{"line":18,"column":4},"end":{"line":24,"column":5}},"13":{"start":{"line":19,"column":21},"end":{"line":19,"column":49}},"14":{"start":{"line":20,"column":8},"end":{"line":21,"column":23}},"15":{"start":{"line":21,"column":12},"end":{"line":21,"column":23}},"16":{"start":{"line":23,"column":8},"end":{"line":23,"column":18}},"17":{"start":{"line":28,"column":4},"end":{"line":38,"column":5}},"18":{"start":{"line":29,"column":21},"end":{"line":29,"column":49}},"19":{"start":{"line":31,"column":8},"end":{"line":35,"column":9}},"20":{"start":{"line":32,"column":26},"end":{"line":32,"column":48}},"21":{"start":{"line":33,"column":12},"end":{"line":33,"column":28}},"22":{"start":{"line":34,"column":12},"end":{"line":34,"column":56}},"23":{"start":{"line":37,"column":8},"end":{"line":37,"column":16}},"24":{"start":{"line":41,"column":4},"end":{"line":49,"column":5}},"25":{"start":{"line":42,"column":21},"end":{"line":42,"column":49}},"26":{"start":{"line":44,"column":8},"end":{"line":46,"column":9}},"27":{"start":{"line":45,"column":12},"end":{"line":45,"column":55}},"28":{"start":{"line":48,"column":8},"end":{"line":48,"column":16}},"29":{"start":{"line":52,"column":0},"end":{"line":52,"column":75}}},"fnMap":{"0":{"name":"getUser","decl":{"start":{"line":4,"column":9},"end":{"line":4,"column":16}},"loc":{"start":{"line":4,"column":24},"end":{"line":9,"column":1}},"line":4},"1":{"name":"(anonymous_1)","decl":{"start":{"line":5,"column":39},"end":{"line":5,"column":40}},"loc":{"start":{"line":5,"column":48},"end":{"line":5,"column":64}},"line":5},"2":{"name":"(anonymous_2)","decl":{"start":{"line":6,"column":42},"end":{"line":6,"column":43}},"loc":{"start":{"line":6,"column":51},"end":{"line":6,"column":72}},"line":6},"3":{"name":"getUserById","decl":{"start":{"line":11,"column":9},"end":{"line":11,"column":20}},"loc":{"start":{"line":11,"column":25},"end":{"line":16,"column":1}},"line":11},"4":{"name":"(anonymous_4)","decl":{"start":{"line":12,"column":39},"end":{"line":12,"column":40}},"loc":{"start":{"line":12,"column":48},"end":{"line":12,"column":61}},"line":12},"5":{"name":"(anonymous_5)","decl":{"start":{"line":13,"column":42},"end":{"line":13,"column":43}},"loc":{"start":{"line":13,"column":51},"end":{"line":13,"column":66}},"line":13},"6":{"name":"readFileG","decl":{"start":{"line":17,"column":15},"end":{"line":17,"column":24}},"loc":{"start":{"line":17,"column":31},"end":{"line":25,"column":1}},"line":17},"7":{"name":"writeItemOnFile","decl":{"start":{"line":27,"column":15},"end":{"line":27,"column":30}},"loc":{"start":{"line":27,"column":43},"end":{"line":39,"column":1}},"line":27},"8":{"name":"updateFile","decl":{"start":{"line":40,"column":15},"end":{"line":40,"column":25}},"loc":{"start":{"line":40,"column":38},"end":{"line":50,"column":1}},"line":40}},"branchMap":{"0":{"loc":{"start":{"line":7,"column":11},"end":{"line":8,"column":87}},"type":"cond-expr","locations":[{"start":{"line":8,"column":8},"end":{"line":8,"column":82}},{"start":{"line":8,"column":85},"end":{"line":8,"column":87}}],"line":7},"1":{"loc":{"start":{"line":14,"column":11},"end":{"line":15,"column":87}},"type":"cond-expr","locations":[{"start":{"line":15,"column":8},"end":{"line":15,"column":82}},{"start":{"line":15,"column":85},"end":{"line":15,"column":87}}],"line":14},"2":{"loc":{"start":{"line":20,"column":8},"end":{"line":21,"column":23}},"type":"if","locations":[{"start":{"line":20,"column":8},"end":{"line":21,"column":23}},{"start":{},"end":{}}],"line":20},"3":{"loc":{"start":{"line":31,"column":8},"end":{"line":35,"column":9}},"type":"if","locations":[{"start":{"line":31,"column":8},"end":{"line":35,"column":9}},{"start":{},"end":{}}],"line":31},"4":{"loc":{"start":{"line":44,"column":8},"end":{"line":46,"column":9}},"type":"if","locations":[{"start":{"line":44,"column":8},"end":{"line":46,"column":9}},{"start":{},"end":{}}],"line":44}},"s":{"0":1,"1":1,"2":0,"3":0,"4":0,"5":0,"6":0,"7":0,"8":0,"9":0,"10":0,"11":0,"12":0,"13":0,"14":0,"15":0,"16":0,"17":0,"18":0,"19":0,"20":0,"21":0,"22":0,"23":0,"24":0,"25":0,"26":0,"27":0,"28":0,"29":1},"f":{"0":0,"1":0,"2":0,"3":0,"4":0,"5":0,"6":0,"7":0,"8":0},"b":{"0":[0,0],"1":[0,0],"2":[0,0],"3":[0,0],"4":[0,0]},"_coverageSchema":"1a1c01bbd47fc00a2c39e90264f33305004495a9","hash":"d72f433dc46933f799ea1fff08f045b760ac5b06"}
,"D:\\node-express\\BoofServer\\response\\ResponseDataModel.js": {"path":"D:\\node-express\\BoofServer\\response\\ResponseDataModel.js","statementMap":{"0":{"start":{"line":1,"column":16},"end":{"line":1,"column":44}},"1":{"start":{"line":4,"column":4},"end":{"line":14,"column":5}},"2":{"start":{"line":6,"column":12},"end":{"line":6,"column":35}},"3":{"start":{"line":8,"column":12},"end":{"line":8,"column":34}},"4":{"start":{"line":10,"column":12},"end":{"line":10,"column":35}},"5":{"start":{"line":12,"column":12},"end":{"line":12,"column":33}},"6":{"start":{"line":20,"column":8},"end":{"line":20,"column":27}},"7":{"start":{"line":21,"column":8},"end":{"line":21,"column":34}},"8":{"start":{"line":22,"column":8},"end":{"line":22,"column":27}},"9":{"start":{"line":23,"column":8},"end":{"line":23,"column":27}},"10":{"start":{"line":24,"column":8},"end":{"line":24,"column":28}},"11":{"start":{"line":26,"column":8},"end":{"line":27,"column":46}},"12":{"start":{"line":27,"column":12},"end":{"line":27,"column":46}},"13":{"start":{"line":34,"column":8},"end":{"line":40,"column":9}},"14":{"start":{"line":44,"column":8},"end":{"line":50,"column":9}},"15":{"start":{"line":57,"column":0},"end":{"line":57,"column":34}}},"fnMap":{"0":{"name":"_getSuitMessage","decl":{"start":{"line":3,"column":9},"end":{"line":3,"column":24}},"loc":{"start":{"line":3,"column":43},"end":{"line":15,"column":1}},"line":3},"1":{"name":"(anonymous_1)","decl":{"start":{"line":19,"column":4},"end":{"line":19,"column":5}},"loc":{"start":{"line":19,"column":25},"end":{"line":30,"column":5}},"line":19},"2":{"name":"(anonymous_2)","decl":{"start":{"line":33,"column":4},"end":{"line":33,"column":5}},"loc":{"start":{"line":33,"column":22},"end":{"line":41,"column":5}},"line":33},"3":{"name":"(anonymous_3)","decl":{"start":{"line":43,"column":4},"end":{"line":43,"column":5}},"loc":{"start":{"line":43,"column":18},"end":{"line":51,"column":5}},"line":43}},"branchMap":{"0":{"loc":{"start":{"line":4,"column":4},"end":{"line":14,"column":5}},"type":"switch","locations":[{"start":{"line":5,"column":8},"end":{"line":6,"column":35}},{"start":{"line":7,"column":8},"end":{"line":8,"column":34}},{"start":{"line":9,"column":8},"end":{"line":10,"column":35}},{"start":{"line":11,"column":8},"end":{"line":12,"column":33}}],"line":4},"1":{"loc":{"start":{"line":26,"column":8},"end":{"line":27,"column":46}},"type":"if","locations":[{"start":{"line":26,"column":8},"end":{"line":27,"column":46}},{"start":{},"end":{}}],"line":26}},"s":{"0":1,"1":2,"2":0,"3":0,"4":0,"5":2,"6":2,"7":2,"8":2,"9":2,"10":2,"11":2,"12":0,"13":0,"14":2,"15":1},"f":{"0":2,"1":2,"2":0,"3":2},"b":{"0":[0,0,0,2],"1":[0,2]},"_coverageSchema":"1a1c01bbd47fc00a2c39e90264f33305004495a9","hash":"55965cb19b1423ee1017413a58b6175965018a1c"}
,"D:\\node-express\\BoofServer\\routes\\auth\\AuthFunction.js": {"path":"D:\\node-express\\BoofServer\\routes\\auth\\AuthFunction.js","statementMap":{"0":{"start":{"line":1,"column":12},"end":{"line":1,"column":42}},"1":{"start":{"line":2,"column":21},"end":{"line":2,"column":36}},"2":{"start":{"line":3,"column":21},"end":{"line":3,"column":54}},"3":{"start":{"line":4,"column":13},"end":{"line":4,"column":28}},"4":{"start":{"line":5,"column":16},"end":{"line":5,"column":47}},"5":{"start":{"line":6,"column":17},"end":{"line":6,"column":60}},"6":{"start":{"line":9,"column":23},"end":{"line":34,"column":1}},"7":{"start":{"line":10,"column":17},"end":{"line":10,"column":63}},"8":{"start":{"line":10,"column":39},"end":{"line":10,"column":62}},"9":{"start":{"line":11,"column":19},"end":{"line":11,"column":29}},"10":{"start":{"line":12,"column":23},"end":{"line":12,"column":25}},"11":{"start":{"line":13,"column":4},"end":{"line":33,"column":5}},"12":{"start":{"line":14,"column":8},"end":{"line":14,"column":73}},"13":{"start":{"line":15,"column":8},"end":{"line":21,"column":10}},"14":{"start":{"line":17,"column":12},"end":{"line":20,"column":28}},"15":{"start":{"line":18,"column":16},"end":{"line":18,"column":38}},"16":{"start":{"line":20,"column":16},"end":{"line":20,"column":28}},"17":{"start":{"line":22,"column":8},"end":{"line":22,"column":29}},"18":{"start":{"line":23,"column":21},"end":{"line":23,"column":71}},"19":{"start":{"line":24,"column":8},"end":{"line":24,"column":93}},"20":{"start":{"line":26,"column":8},"end":{"line":30,"column":24}},"21":{"start":{"line":32,"column":8},"end":{"line":32,"column":20}},"22":{"start":{"line":40,"column":8},"end":{"line":40,"column":28}},"23":{"start":{"line":41,"column":8},"end":{"line":41,"column":32}},"24":{"start":{"line":45,"column":8},"end":{"line":45,"column":48}},"25":{"start":{"line":50,"column":8},"end":{"line":69,"column":9}},"26":{"start":{"line":51,"column":25},"end":{"line":51,"column":76}},"27":{"start":{"line":51,"column":47},"end":{"line":51,"column":75}},"28":{"start":{"line":52,"column":12},"end":{"line":65,"column":13}},"29":{"start":{"line":53,"column":34},"end":{"line":53,"column":82}},"30":{"start":{"line":54,"column":16},"end":{"line":61,"column":17}},"31":{"start":{"line":55,"column":20},"end":{"line":58,"column":21}},"32":{"start":{"line":60,"column":20},"end":{"line":60,"column":100}},"33":{"start":{"line":64,"column":16},"end":{"line":64,"column":99}},"34":{"start":{"line":67,"column":12},"end":{"line":67,"column":73}},"35":{"start":{"line":74,"column":8},"end":{"line":103,"column":9}},"36":{"start":{"line":77,"column":25},"end":{"line":77,"column":76}},"37":{"start":{"line":77,"column":47},"end":{"line":77,"column":75}},"38":{"start":{"line":78,"column":30},"end":{"line":78,"column":63}},"39":{"start":{"line":78,"column":57},"end":{"line":78,"column":61}},"40":{"start":{"line":79,"column":12},"end":{"line":99,"column":13}},"41":{"start":{"line":81,"column":16},"end":{"line":87,"column":18}},"42":{"start":{"line":88,"column":16},"end":{"line":91,"column":17}},"43":{"start":{"line":95,"column":16},"end":{"line":98,"column":17}},"44":{"start":{"line":101,"column":12},"end":{"line":101,"column":73}},"45":{"start":{"line":108,"column":0},"end":{"line":109,"column":27}}},"fnMap":{"0":{"name":"(anonymous_0)","decl":{"start":{"line":9,"column":23},"end":{"line":9,"column":24}},"loc":{"start":{"line":9,"column":51},"end":{"line":34,"column":1}},"line":9},"1":{"name":"(anonymous_1)","decl":{"start":{"line":10,"column":30},"end":{"line":10,"column":31}},"loc":{"start":{"line":10,"column":39},"end":{"line":10,"column":62}},"line":10},"2":{"name":"(anonymous_2)","decl":{"start":{"line":15,"column":29},"end":{"line":15,"column":30}},"loc":{"start":{"line":15,"column":40},"end":{"line":21,"column":9}},"line":15},"3":{"name":"(anonymous_3)","decl":{"start":{"line":39,"column":4},"end":{"line":39,"column":5}},"loc":{"start":{"line":39,"column":34},"end":{"line":42,"column":5}},"line":39},"4":{"name":"(anonymous_4)","decl":{"start":{"line":44,"column":4},"end":{"line":44,"column":5}},"loc":{"start":{"line":44,"column":24},"end":{"line":47,"column":5}},"line":44},"5":{"name":"(anonymous_5)","decl":{"start":{"line":49,"column":4},"end":{"line":49,"column":5}},"loc":{"start":{"line":49,"column":28},"end":{"line":70,"column":5}},"line":49},"6":{"name":"(anonymous_6)","decl":{"start":{"line":51,"column":38},"end":{"line":51,"column":39}},"loc":{"start":{"line":51,"column":47},"end":{"line":51,"column":75}},"line":51},"7":{"name":"(anonymous_7)","decl":{"start":{"line":73,"column":5},"end":{"line":73,"column":6}},"loc":{"start":{"line":73,"column":29},"end":{"line":104,"column":5}},"line":73},"8":{"name":"(anonymous_8)","decl":{"start":{"line":77,"column":38},"end":{"line":77,"column":39}},"loc":{"start":{"line":77,"column":47},"end":{"line":77,"column":75}},"line":77},"9":{"name":"(anonymous_9)","decl":{"start":{"line":78,"column":52},"end":{"line":78,"column":53}},"loc":{"start":{"line":78,"column":57},"end":{"line":78,"column":61}},"line":78}},"branchMap":{"0":{"loc":{"start":{"line":13,"column":4},"end":{"line":33,"column":5}},"type":"if","locations":[{"start":{"line":13,"column":4},"end":{"line":33,"column":5}},{"start":{"line":31,"column":11},"end":{"line":33,"column":5}}],"line":13},"1":{"loc":{"start":{"line":17,"column":12},"end":{"line":20,"column":28}},"type":"if","locations":[{"start":{"line":17,"column":12},"end":{"line":20,"column":28}},{"start":{"line":20,"column":16},"end":{"line":20,"column":28}}],"line":17},"2":{"loc":{"start":{"line":23,"column":21},"end":{"line":23,"column":71}},"type":"cond-expr","locations":[{"start":{"line":23,"column":39},"end":{"line":23,"column":54}},{"start":{"line":23,"column":57},"end":{"line":23,"column":71}}],"line":23},"3":{"loc":{"start":{"line":45,"column":18},"end":{"line":45,"column":46}},"type":"binary-expr","locations":[{"start":{"line":45,"column":18},"end":{"line":45,"column":29}},{"start":{"line":45,"column":33},"end":{"line":45,"column":46}}],"line":45},"4":{"loc":{"start":{"line":50,"column":8},"end":{"line":69,"column":9}},"type":"if","locations":[{"start":{"line":50,"column":8},"end":{"line":69,"column":9}},{"start":{"line":66,"column":15},"end":{"line":69,"column":9}}],"line":50},"5":{"loc":{"start":{"line":52,"column":12},"end":{"line":65,"column":13}},"type":"if","locations":[{"start":{"line":52,"column":12},"end":{"line":65,"column":13}},{"start":{"line":63,"column":19},"end":{"line":65,"column":13}}],"line":52},"6":{"loc":{"start":{"line":54,"column":16},"end":{"line":61,"column":17}},"type":"if","locations":[{"start":{"line":54,"column":16},"end":{"line":61,"column":17}},{"start":{"line":59,"column":23},"end":{"line":61,"column":17}}],"line":54},"7":{"loc":{"start":{"line":74,"column":8},"end":{"line":103,"column":9}},"type":"if","locations":[{"start":{"line":74,"column":8},"end":{"line":103,"column":9}},{"start":{"line":100,"column":15},"end":{"line":103,"column":9}}],"line":74},"8":{"loc":{"start":{"line":79,"column":12},"end":{"line":99,"column":13}},"type":"if","locations":[{"start":{"line":79,"column":12},"end":{"line":99,"column":13}},{"start":{"line":94,"column":19},"end":{"line":99,"column":13}}],"line":79}},"s":{"0":1,"1":1,"2":1,"3":1,"4":1,"5":1,"6":1,"7":0,"8":0,"9":0,"10":0,"11":0,"12":0,"13":0,"14":0,"15":0,"16":0,"17":0,"18":0,"19":0,"20":0,"21":0,"22":2,"23":2,"24":2,"25":1,"26":0,"27":0,"28":0,"29":0,"30":0,"31":0,"32":0,"33":0,"34":1,"35":1,"36":0,"37":0,"38":0,"39":0,"40":0,"41":0,"42":0,"43":0,"44":1,"45":1},"f":{"0":0,"1":0,"2":0,"3":2,"4":2,"5":1,"6":0,"7":1,"8":0,"9":0},"b":{"0":[0,0],"1":[0,0],"2":[0,0],"3":[2,0],"4":[0,1],"5":[0,0],"6":[0,0],"7":[0,1],"8":[0,0]},"_coverageSchema":"1a1c01bbd47fc00a2c39e90264f33305004495a9","hash":"da4b1f8a485907482affd899a2cdce66bbd02eec"}
}
