TN:
SF:assets\Strings.js
FNF:0
FNH:0
DA:1,1
DA:19,1
LF:2
LH:2
BRF:0
BRH:0
end_of_record
TN:
SF:helper\Functions.js
FN:4,getUser
FN:5,(anonymous_1)
FN:6,(anonymous_2)
FN:11,getUserById
FN:12,(anonymous_4)
FN:13,(anonymous_5)
FN:17,readFileG
FN:27,writeItemOnFile
FN:40,updateFile
FNF:9
FNH:0
FNDA:0,getUser
FNDA:0,(anonymous_1)
FNDA:0,(anonymous_2)
FNDA:0,getUserById
FNDA:0,(anonymous_4)
FNDA:0,(anonymous_5)
FNDA:0,readFileG
FNDA:0,writeItemOnFile
FNDA:0,updateFile
DA:1,1
DA:2,1
DA:5,0
DA:6,0
DA:7,0
DA:12,0
DA:13,0
DA:14,0
DA:18,0
DA:19,0
DA:20,0
DA:21,0
DA:23,0
DA:28,0
DA:29,0
DA:31,0
DA:32,0
DA:33,0
DA:34,0
DA:37,0
DA:41,0
DA:42,0
DA:44,0
DA:45,0
DA:48,0
DA:52,1
LF:26
LH:3
BRDA:7,0,0,0
BRDA:7,0,1,0
BRDA:14,1,0,0
BRDA:14,1,1,0
BRDA:20,2,0,0
BRDA:20,2,1,0
BRDA:31,3,0,0
BRDA:31,3,1,0
BRDA:44,4,0,0
BRDA:44,4,1,0
BRF:10
BRH:0
end_of_record
TN:
SF:response\ResponseDataModel.js
FN:3,_getSuitMessage
FN:19,(anonymous_1)
FN:33,(anonymous_2)
FN:43,(anonymous_3)
FNF:4
FNH:3
FNDA:2,_getSuitMessage
FNDA:2,(anonymous_1)
FNDA:0,(anonymous_2)
FNDA:2,(anonymous_3)
DA:1,1
DA:4,2
DA:6,0
DA:8,0
DA:10,0
DA:12,2
DA:20,2
DA:21,2
DA:22,2
DA:23,2
DA:24,2
DA:26,2
DA:27,0
DA:34,0
DA:44,2
DA:57,1
LF:16
LH:11
BRDA:4,0,0,0
BRDA:4,0,1,0
BRDA:4,0,2,0
BRDA:4,0,3,2
BRDA:26,1,0,0
BRDA:26,1,1,2
BRF:6
BRH:2
end_of_record
TN:
SF:routes\auth\AuthFunction.js
FN:9,(anonymous_0)
FN:10,(anonymous_1)
FN:15,(anonymous_2)
FN:39,(anonymous_3)
FN:44,(anonymous_4)
FN:49,(anonymous_5)
FN:51,(anonymous_6)
FN:73,(anonymous_7)
FN:77,(anonymous_8)
FN:78,(anonymous_9)
FNF:10
FNH:4
FNDA:0,(anonymous_0)
FNDA:0,(anonymous_1)
FNDA:0,(anonymous_2)
FNDA:2,(anonymous_3)
FNDA:2,(anonymous_4)
FNDA:1,(anonymous_5)
FNDA:0,(anonymous_6)
FNDA:1,(anonymous_7)
FNDA:0,(anonymous_8)
FNDA:0,(anonymous_9)
DA:1,1
DA:2,1
DA:3,1
DA:4,1
DA:5,1
DA:6,1
DA:9,1
DA:10,0
DA:11,0
DA:12,0
DA:13,0
DA:14,0
DA:15,0
DA:17,0
DA:18,0
DA:20,0
DA:22,0
DA:23,0
DA:24,0
DA:26,0
DA:32,0
DA:40,2
DA:41,2
DA:45,2
DA:50,1
DA:51,0
DA:52,0
DA:53,0
DA:54,0
DA:55,0
DA:60,0
DA:64,0
DA:67,1
DA:74,1
DA:77,0
DA:78,0
DA:79,0
DA:81,0
DA:88,0
DA:95,0
DA:101,1
DA:108,1
LF:42
LH:15
BRDA:13,0,0,0
BRDA:13,0,1,0
BRDA:17,1,0,0
BRDA:17,1,1,0
BRDA:23,2,0,0
BRDA:23,2,1,0
BRDA:45,3,0,2
BRDA:45,3,1,0
BRDA:50,4,0,0
BRDA:50,4,1,1
BRDA:52,5,0,0
BRDA:52,5,1,0
BRDA:54,6,0,0
BRDA:54,6,1,0
BRDA:74,7,0,0
BRDA:74,7,1,1
BRDA:79,8,0,0
BRDA:79,8,1,0
BRF:18
BRH:3
end_of_record
